1969-12-31 19:08:28 - INFO - [info] - Logger created
1969-12-31 19:08:28 - INFO - [info] - Connecting to vehicle...
1969-12-31 19:08:42 - INFO - [info] - Connected to vehicle
1969-12-31 19:08:42 - INFO - [info] - Sufficient number of satellites - Counted: 4, Required: 3
1969-12-31 19:08:42 - INFO - [info] - Sufficient battery level - Measured: 99, Required: 25
1969-12-31 19:08:42 - INFO - [info] - Vehicle health validated
1969-12-31 19:08:42 - INFO - [info] - Pixhawk connected
1969-12-31 19:08:43 - INFO - [info] - Waiting for mission
1969-12-31 19:08:46 - INFO - [info] - Received mission
1969-12-31 19:08:46 - INFO - [info] - Number of waypoints: 4
1969-12-31 19:08:46 - INFO - [info] - Waiting to switch to GUIDED mode
1969-12-31 19:10:42 - INFO - [info] - Beginning mission
1969-12-31 19:10:42 - INFO - [info] - Current waypoint: 0/4
1969-12-31 19:10:42 - INFO - [info] - Waypoint location: 35.76921844482422, -78.6639175415039, 6.0
1969-12-31 19:10:42 - INFO - [info] - Obstacle detected.
1969-12-31 19:10:42 - INFO - [info] - Obstacle detected.
1969-12-31 19:10:42 - INFO - [info] - Obstacle detected.
1969-12-31 19:10:43 - INFO - [info] - Obstacle detected.
1969-12-31 19:10:43 - INFO - [info] - Obstacle detected.
1969-12-31 19:10:43 - INFO - [info] - Obstacle detected.
1969-12-31 19:10:43 - INFO - [info] - Obstacle detected.
1969-12-31 19:10:43 - INFO - [info] - Obstacle detected.
1969-12-31 19:10:44 - INFO - [info] - Obstacle detected.
1969-12-31 19:10:44 - INFO - [info] - Obstacle detected.
1969-12-31 19:10:45 - INFO - [info] - Obstacle detected.
1969-12-31 19:10:45 - INFO - [info] - Obstacle detected.
1969-12-31 19:10:45 - INFO - [info] - Obstacle detected.
1969-12-31 19:10:45 - INFO - [info] - Obstacle detected.
1969-12-31 19:10:45 - INFO - [info] - Obstacle detected.
1969-12-31 19:10:46 - INFO - [info] - Obstacle detected.
1969-12-31 19:10:46 - INFO - [info] - Obstacle detected.
1969-12-31 19:10:47 - INFO - [info] - Obstacle detected.
1969-12-31 19:10:47 - INFO - [info] - Obstacle detected.
1969-12-31 19:10:47 - INFO - [info] - Obstacle detected.
1969-12-31 19:10:48 - INFO - [info] - Obstacle detected.
1969-12-31 19:10:48 - INFO - [info] - Obstacle detected.
1969-12-31 19:10:48 - INFO - [info] - Obstacle detected.
1969-12-31 19:10:48 - INFO - [info] - Obstacle detected.
1969-12-31 19:10:49 - INFO - [info] - Obstacle detected.
1969-12-31 19:10:49 - INFO - [info] - Obstacle detected.
1969-12-31 19:10:49 - INFO - [info] - Obstacle detected.
1969-12-31 19:10:49 - INFO - [info] - Obstacle detected.
1969-12-31 19:10:49 - INFO - [info] - Obstacle detected.
1969-12-31 19:10:50 - INFO - [info] - Obstacle detected.
1969-12-31 19:10:50 - INFO - [info] - Obstacle detected.
1969-12-31 19:10:50 - INFO - [info] - Obstacle detected.
1969-12-31 19:10:50 - INFO - [info] - Obstacle detected.
1969-12-31 19:10:50 - INFO - [info] - Obstacle detected.
1969-12-31 19:10:51 - INFO - [info] - Waypoint reached!
1969-12-31 19:10:51 - INFO - [info] - Current waypoint: 0/4
1969-12-31 19:10:51 - INFO - [info] - Waypoint location: 35.76936340332031, -78.66407012939453, 6.0
1969-12-31 19:10:52 - INFO - [info] - Obstacle detected.
1969-12-31 19:10:52 - INFO - [info] - Obstacle detected.
1969-12-31 19:10:52 - INFO - [info] - Obstacle detected.
1969-12-31 19:10:52 - INFO - [info] - Obstacle detected.
1969-12-31 19:10:52 - INFO - [info] - Obstacle detected.
1969-12-31 19:10:53 - INFO - [info] - Obstacle detected.
1969-12-31 19:10:53 - INFO - [info] - Obstacle detected.
1969-12-31 19:10:53 - INFO - [info] - Obstacle detected.
1969-12-31 19:10:54 - INFO - [info] - Obstacle detected.
1969-12-31 19:10:54 - INFO - [info] - Obstacle detected.
1969-12-31 19:10:55 - INFO - [info] - Obstacle detected.
1969-12-31 19:10:55 - INFO - [info] - Obstacle detected.
1969-12-31 19:10:56 - INFO - [info] - Obstacle detected.
1969-12-31 19:10:56 - INFO - [info] - Obstacle detected.
1969-12-31 19:10:57 - INFO - [info] - Obstacle detected.
1969-12-31 19:10:57 - INFO - [info] - Obstacle detected.
1969-12-31 19:10:57 - INFO - [info] - Obstacle detected.
1969-12-31 19:10:58 - INFO - [info] - Obstacle detected.
1969-12-31 19:10:58 - INFO - [info] - Obstacle detected.
1969-12-31 19:10:59 - INFO - [info] - Obstacle detected.
1969-12-31 19:10:59 - INFO - [info] - Obstacle detected.
1969-12-31 19:11:00 - INFO - [info] - Obstacle detected.
1969-12-31 19:11:00 - INFO - [info] - Obstacle detected.
1969-12-31 19:11:00 - INFO - [info] - Obstacle detected.
1969-12-31 19:11:01 - INFO - [info] - Obstacle detected.
1969-12-31 19:11:01 - INFO - [info] - Obstacle detected.
1969-12-31 19:11:01 - INFO - [info] - Obstacle detected.
1969-12-31 19:11:01 - INFO - [info] - Obstacle detected.
1969-12-31 19:11:02 - INFO - [info] - Obstacle detected.
1969-12-31 19:11:03 - INFO - [info] - Obstacle detected.
1969-12-31 19:11:03 - INFO - [info] - Obstacle detected.
1969-12-31 19:11:04 - INFO - [info] - Obstacle detected.
1969-12-31 19:11:06 - INFO - [info] - Obstacle detected.
1969-12-31 19:11:07 - INFO - [info] - Obstacle detected.
1969-12-31 19:11:08 - INFO - [info] - Obstacle detected.
1969-12-31 19:11:09 - INFO - [info] - Obstacle detected.
1969-12-31 19:11:09 - INFO - [info] - Obstacle detected.
1969-12-31 19:11:09 - INFO - [info] - Obstacle detected.
1969-12-31 19:11:09 - INFO - [info] - Obstacle detected.
1969-12-31 19:11:09 - INFO - [info] - Obstacle detected.
1969-12-31 19:11:09 - INFO - [info] - Obstacle detected.
1969-12-31 19:11:12 - INFO - [info] - Waypoint reached!
1969-12-31 19:11:12 - INFO - [info] - Current waypoint: 0/4
1969-12-31 19:11:12 - INFO - [info] - Waypoint location: 35.769474029541016, -78.6639175415039, 6.0
1969-12-31 19:11:13 - INFO - [info] - Obstacle detected.
1969-12-31 19:11:13 - INFO - [info] - Obstacle detected.
1969-12-31 19:11:13 - INFO - [info] - Obstacle detected.
1969-12-31 19:11:14 - INFO - [info] - Obstacle detected.
1969-12-31 19:11:14 - INFO - [info] - Obstacle detected.
1969-12-31 19:11:15 - INFO - [info] - Obstacle detected.
1969-12-31 19:11:15 - INFO - [info] - Obstacle detected.
1969-12-31 19:11:15 - INFO - [info] - Obstacle detected.
1969-12-31 19:11:15 - INFO - [info] - Obstacle detected.
1969-12-31 19:11:16 - INFO - [info] - Obstacle detected.
1969-12-31 19:11:16 - INFO - [info] - Obstacle detected.
1969-12-31 19:11:18 - INFO - [info] - Obstacle detected.
1969-12-31 19:11:18 - INFO - [info] - Obstacle detected.
1969-12-31 19:11:18 - INFO - [info] - Obstacle detected.
1969-12-31 19:11:19 - INFO - [info] - Obstacle detected.
1969-12-31 19:11:20 - INFO - [info] - Obstacle detected.
1969-12-31 19:11:20 - INFO - [info] - Obstacle detected.
1969-12-31 19:11:21 - INFO - [info] - Obstacle detected.
1969-12-31 19:11:22 - INFO - [info] - Obstacle detected.
1969-12-31 19:11:22 - INFO - [info] - Obstacle detected.
1969-12-31 19:11:22 - INFO - [info] - Obstacle detected.
1969-12-31 19:11:23 - INFO - [info] - Obstacle detected.
1969-12-31 19:11:23 - INFO - [info] - Obstacle detected.
1969-12-31 19:11:23 - INFO - [info] - Obstacle detected.
1969-12-31 19:11:23 - INFO - [info] - Obstacle detected.
1969-12-31 19:11:24 - INFO - [info] - Obstacle detected.
1969-12-31 19:11:24 - INFO - [info] - Obstacle detected.
1969-12-31 19:11:24 - INFO - [info] - Obstacle detected.
1969-12-31 19:11:25 - INFO - [info] - Obstacle detected.
1969-12-31 19:11:26 - INFO - [info] - Obstacle detected.
1969-12-31 19:11:26 - INFO - [info] - Obstacle detected.
1969-12-31 19:11:28 - INFO - [info] - Obstacle detected.
1969-12-31 19:11:28 - INFO - [info] - Obstacle detected.
1969-12-31 19:11:29 - INFO - [info] - Obstacle detected.
1969-12-31 19:11:29 - INFO - [info] - Obstacle detected.
1969-12-31 19:11:29 - INFO - [info] - Obstacle detected.
1969-12-31 19:11:29 - INFO - [info] - Obstacle detected.
1969-12-31 19:11:30 - INFO - [info] - Obstacle detected.
1969-12-31 19:11:30 - INFO - [info] - Obstacle detected.
1969-12-31 19:11:30 - INFO - [info] - Waypoint reached!
1969-12-31 19:11:30 - INFO - [info] - Current waypoint: 0/4
1969-12-31 19:11:30 - INFO - [info] - Waypoint location: 35.769344329833984, -78.66375732421875, 6.0
1969-12-31 19:11:31 - INFO - [info] - Obstacle detected.
1969-12-31 19:11:31 - INFO - [info] - Obstacle detected.
1969-12-31 19:11:31 - INFO - [info] - Obstacle detected.
1969-12-31 19:11:32 - INFO - [info] - Obstacle detected.
1969-12-31 19:11:32 - INFO - [info] - Obstacle detected.
1969-12-31 19:11:32 - INFO - [info] - Obstacle detected.
1969-12-31 19:11:32 - INFO - [info] - Obstacle detected.
1969-12-31 19:11:32 - INFO - [info] - Obstacle detected.
1969-12-31 19:11:32 - INFO - [info] - Obstacle detected.
1969-12-31 19:11:33 - INFO - [info] - Obstacle detected.
1969-12-31 19:11:33 - INFO - [info] - Obstacle detected.
1969-12-31 19:11:34 - INFO - [info] - Obstacle detected.
1969-12-31 19:11:34 - INFO - [info] - Obstacle detected.
1969-12-31 19:11:35 - INFO - [info] - Obstacle detected.
1969-12-31 19:11:35 - INFO - [info] - Obstacle detected.
1969-12-31 19:11:35 - INFO - [info] - Obstacle detected.
1969-12-31 19:11:35 - INFO - [info] - Obstacle detected.
1969-12-31 19:11:36 - INFO - [info] - Obstacle detected.
1969-12-31 19:11:36 - INFO - [info] - Obstacle detected.
1969-12-31 19:11:37 - INFO - [info] - Obstacle detected.
1969-12-31 19:11:38 - INFO - [info] - Obstacle detected.
1969-12-31 19:11:38 - INFO - [info] - Obstacle detected.
1969-12-31 19:11:39 - INFO - [info] - Obstacle detected.
1969-12-31 19:11:39 - INFO - [info] - Obstacle detected.
1969-12-31 19:11:40 - INFO - [info] - Obstacle detected.
1969-12-31 19:11:40 - INFO - [info] - Obstacle detected.
1969-12-31 19:11:41 - INFO - [info] - Obstacle detected.
1969-12-31 19:11:41 - INFO - [info] - Obstacle detected.
1969-12-31 19:11:41 - INFO - [info] - Obstacle detected.
1969-12-31 19:11:42 - INFO - [info] - Obstacle detected.
1969-12-31 19:11:43 - INFO - [info] - Obstacle detected.
1969-12-31 19:11:43 - INFO - [info] - Obstacle detected.
1969-12-31 19:11:44 - INFO - [info] - Obstacle detected.
1969-12-31 19:11:44 - INFO - [info] - Obstacle detected.
1969-12-31 19:11:45 - INFO - [info] - Obstacle detected.
1969-12-31 19:11:46 - INFO - [info] - Obstacle detected.
1969-12-31 19:11:49 - INFO - [info] - Obstacle detected.
1969-12-31 19:11:49 - INFO - [info] - Obstacle detected.
1969-12-31 19:11:51 - INFO - [info] - Waypoint reached!
1969-12-31 19:11:51 - INFO - [info] - Closing the vehicle communication
