1969-12-31 19:01:58 - INFO - [info] - Logger created
1969-12-31 19:01:58 - INFO - [info] - Connecting to vehicle...
1969-12-31 19:02:12 - INFO - [info] - Connected to vehicle
1969-12-31 19:02:12 - INFO - [info] - Sufficient number of satellites - Counted: 4, Required: 3
1969-12-31 19:02:12 - INFO - [info] - Sufficient battery level - Measured: 100, Required: 25
1969-12-31 19:02:12 - INFO - [info] - Vehicle health validated
1969-12-31 19:02:12 - INFO - [info] - Pixhawk connected
1969-12-31 19:02:13 - INFO - [info] - Waiting for mission
1969-12-31 19:02:16 - INFO - [info] - Received mission
1969-12-31 19:02:16 - INFO - [info] - Number of waypoints: 4
1969-12-31 19:02:16 - INFO - [info] - Waiting to switch to GUIDED mode
1969-12-31 19:04:37 - INFO - [info] - Beginning mission
1969-12-31 19:04:37 - INFO - [info] - Current waypoint: 0/4
1969-12-31 19:04:37 - INFO - [info] - Waypoint location: 35.76921844482422, -78.6639175415039, 4.0
1969-12-31 19:04:37 - INFO - [info] - Obstacle detected.
1969-12-31 19:04:37 - INFO - [info] - Obstacle detected.
1969-12-31 19:04:37 - INFO - [info] - Obstacle detected.
1969-12-31 19:04:37 - INFO - [info] - Obstacle detected.
1969-12-31 19:04:37 - INFO - [info] - Obstacle detected.
1969-12-31 19:04:38 - INFO - [info] - Obstacle detected.
1969-12-31 19:04:38 - INFO - [info] - Obstacle detected.
1969-12-31 19:04:38 - INFO - [info] - Obstacle detected.
1969-12-31 19:04:38 - INFO - [info] - Obstacle detected.
1969-12-31 19:04:38 - INFO - [info] - Obstacle detected.
1969-12-31 19:04:38 - INFO - [info] - Obstacle detected.
1969-12-31 19:04:39 - INFO - [info] - Obstacle detected.
1969-12-31 19:04:39 - INFO - [info] - Obstacle detected.
1969-12-31 19:04:39 - INFO - [info] - Obstacle detected.
1969-12-31 19:04:39 - INFO - [info] - Obstacle detected.
1969-12-31 19:04:40 - INFO - [info] - Obstacle detected.
1969-12-31 19:04:40 - INFO - [info] - Obstacle detected.
1969-12-31 19:04:40 - INFO - [info] - Obstacle detected.
1969-12-31 19:04:40 - INFO - [info] - Obstacle detected.
1969-12-31 19:04:40 - INFO - [info] - Obstacle detected.
1969-12-31 19:04:40 - INFO - [info] - Obstacle detected.
1969-12-31 19:04:41 - INFO - [info] - Obstacle detected.
1969-12-31 19:04:41 - INFO - [info] - Obstacle detected.
1969-12-31 19:04:42 - INFO - [info] - Obstacle detected.
1969-12-31 19:04:42 - INFO - [info] - Obstacle detected.
1969-12-31 19:04:42 - INFO - [info] - Obstacle detected.
1969-12-31 19:04:42 - INFO - [info] - Obstacle detected.
1969-12-31 19:04:42 - INFO - [info] - Obstacle detected.
1969-12-31 19:04:42 - INFO - [info] - Obstacle detected.
1969-12-31 19:04:43 - INFO - [info] - Obstacle detected.
1969-12-31 19:04:43 - INFO - [info] - Obstacle detected.
1969-12-31 19:04:44 - INFO - [info] - Obstacle detected.
1969-12-31 19:04:44 - INFO - [info] - Obstacle detected.
1969-12-31 19:04:45 - INFO - [info] - Obstacle detected.
1969-12-31 19:04:46 - INFO - [info] - Obstacle detected.
1969-12-31 19:04:46 - INFO - [info] - Obstacle detected.
1969-12-31 19:04:46 - INFO - [info] - Obstacle detected.
1969-12-31 19:04:47 - INFO - [info] - Obstacle detected.
1969-12-31 19:04:48 - INFO - [info] - Obstacle detected.
1969-12-31 19:04:49 - INFO - [info] - Obstacle detected.
1969-12-31 19:04:49 - INFO - [info] - Obstacle detected.
1969-12-31 19:04:49 - INFO - [info] - Obstacle detected.
1969-12-31 19:04:49 - INFO - [info] - Obstacle detected.
1969-12-31 19:04:50 - INFO - [info] - Obstacle detected.
1969-12-31 19:04:50 - INFO - [info] - Obstacle detected.
1969-12-31 19:04:51 - INFO - [info] - Obstacle detected.
1969-12-31 19:04:51 - INFO - [info] - Obstacle detected.
1969-12-31 19:04:52 - INFO - [info] - Obstacle detected.
1969-12-31 19:04:53 - INFO - [info] - Obstacle detected.
1969-12-31 19:04:53 - INFO - [info] - Obstacle detected.
1969-12-31 19:04:53 - INFO - [info] - Obstacle detected.
1969-12-31 19:04:54 - INFO - [info] - Obstacle detected.
1969-12-31 19:04:54 - INFO - [info] - Obstacle detected.
1969-12-31 19:04:54 - INFO - [info] - Obstacle detected.
1969-12-31 19:04:55 - INFO - [info] - Obstacle detected.
1969-12-31 19:04:55 - INFO - [info] - Obstacle detected.
1969-12-31 19:04:55 - INFO - [info] - Obstacle detected.
1969-12-31 19:04:56 - INFO - [info] - Obstacle detected.
1969-12-31 19:04:57 - INFO - [info] - Obstacle detected.
1969-12-31 19:05:00 - INFO - [info] - Obstacle detected.
1969-12-31 19:05:00 - INFO - [info] - Obstacle detected.
1969-12-31 19:05:01 - INFO - [info] - Obstacle detected.
1969-12-31 19:05:01 - INFO - [info] - Obstacle detected.
1969-12-31 19:05:01 - INFO - [info] - Obstacle detected.
1969-12-31 19:05:03 - INFO - [info] - Obstacle detected.
1969-12-31 19:05:05 - INFO - [info] - Obstacle detected.
1969-12-31 19:05:06 - INFO - [info] - Obstacle detected.
1969-12-31 19:05:06 - INFO - [info] - Obstacle detected.
1969-12-31 19:05:08 - INFO - [info] - Obstacle detected.
1969-12-31 19:05:09 - INFO - [info] - Obstacle detected.
1969-12-31 19:05:09 - INFO - [info] - Obstacle detected.
1969-12-31 19:05:10 - INFO - [info] - Obstacle detected.
1969-12-31 19:05:10 - INFO - [info] - Obstacle detected.
1969-12-31 19:05:11 - INFO - [info] - Obstacle detected.
1969-12-31 19:05:11 - INFO - [info] - Obstacle detected.
1969-12-31 19:05:11 - INFO - [info] - Obstacle detected.
1969-12-31 19:05:11 - INFO - [info] - Obstacle detected.
1969-12-31 19:05:12 - INFO - [info] - Obstacle detected.
1969-12-31 19:05:12 - INFO - [info] - Obstacle detected.
1969-12-31 19:05:12 - INFO - [info] - Obstacle detected.
1969-12-31 19:05:13 - INFO - [info] - Obstacle detected.
1969-12-31 19:05:14 - INFO - [info] - Obstacle detected.
1969-12-31 19:05:17 - INFO - [info] - Obstacle detected.
1969-12-31 19:05:18 - INFO - [info] - Obstacle detected.
1969-12-31 19:05:18 - INFO - [info] - Obstacle detected.
1969-12-31 19:05:19 - INFO - [info] - Obstacle detected.
1969-12-31 19:05:19 - INFO - [info] - Obstacle detected.
1969-12-31 19:05:21 - INFO - [info] - Obstacle detected.
1969-12-31 19:05:21 - INFO - [info] - Obstacle detected.
1969-12-31 19:05:21 - INFO - [info] - Obstacle detected.
1969-12-31 19:05:23 - INFO - [info] - Obstacle detected.
1969-12-31 19:05:24 - INFO - [info] - Obstacle detected.
1969-12-31 19:05:24 - INFO - [info] - Obstacle detected.
1969-12-31 19:05:24 - INFO - [info] - Obstacle detected.
1969-12-31 19:05:24 - INFO - [info] - Obstacle detected.
1969-12-31 19:05:24 - INFO - [info] - Obstacle detected.
1969-12-31 19:05:24 - INFO - [info] - Obstacle detected.
1969-12-31 19:05:25 - INFO - [info] - Obstacle detected.
1969-12-31 19:05:25 - INFO - [info] - Obstacle detected.
1969-12-31 19:05:25 - INFO - [info] - Obstacle detected.
1969-12-31 19:05:25 - INFO - [info] - Obstacle detected.
1969-12-31 19:05:25 - INFO - [info] - Obstacle detected.
1969-12-31 19:05:25 - INFO - [info] - Obstacle detected.
1969-12-31 19:05:25 - INFO - [info] - Obstacle detected.
1969-12-31 19:05:25 - INFO - [info] - Obstacle detected.
1969-12-31 19:05:26 - INFO - [info] - Obstacle detected.
1969-12-31 19:05:26 - INFO - [info] - Obstacle detected.
1969-12-31 19:05:26 - INFO - [info] - Obstacle detected.
1969-12-31 19:05:26 - INFO - [info] - Obstacle detected.
1969-12-31 19:05:26 - INFO - [info] - Obstacle detected.
1969-12-31 19:05:26 - INFO - [info] - Obstacle detected.
1969-12-31 19:05:26 - INFO - [info] - Obstacle detected.
1969-12-31 19:05:26 - INFO - [info] - Obstacle detected.
1969-12-31 19:05:26 - INFO - [info] - Obstacle detected.
1969-12-31 19:05:27 - INFO - [info] - Obstacle detected.
1969-12-31 19:05:27 - INFO - [info] - Obstacle detected.
1969-12-31 19:05:27 - INFO - [info] - Obstacle detected.
1969-12-31 19:05:27 - INFO - [info] - Obstacle detected.
1969-12-31 19:05:27 - INFO - [info] - Obstacle detected.
1969-12-31 19:05:27 - INFO - [info] - Obstacle detected.
1969-12-31 19:05:27 - INFO - [info] - Obstacle detected.
1969-12-31 19:05:27 - INFO - [info] - Obstacle detected.
1969-12-31 19:05:27 - INFO - [info] - Obstacle detected.
1969-12-31 19:05:27 - INFO - [info] - Obstacle detected.
1969-12-31 19:05:28 - INFO - [info] - Obstacle detected.
1969-12-31 19:05:28 - INFO - [info] - Obstacle detected.
1969-12-31 19:05:28 - INFO - [info] - Obstacle detected.
1969-12-31 19:05:28 - INFO - [info] - Obstacle detected.
1969-12-31 19:05:28 - INFO - [info] - Obstacle detected.
1969-12-31 19:05:28 - INFO - [info] - Obstacle detected.
1969-12-31 19:05:28 - INFO - [info] - Obstacle detected.
1969-12-31 19:05:28 - INFO - [info] - Obstacle detected.
1969-12-31 19:05:28 - INFO - [info] - Obstacle detected.
1969-12-31 19:05:28 - INFO - [info] - Obstacle detected.
1969-12-31 19:05:29 - INFO - [info] - Obstacle detected.
1969-12-31 19:05:29 - INFO - [info] - Obstacle detected.
1969-12-31 19:05:29 - INFO - [info] - Obstacle detected.
1969-12-31 19:05:29 - INFO - [info] - Obstacle detected.
1969-12-31 19:05:29 - INFO - [info] - Obstacle detected.
1969-12-31 19:05:29 - INFO - [info] - Obstacle detected.
1969-12-31 19:05:29 - INFO - [info] - Obstacle detected.
1969-12-31 19:05:29 - INFO - [info] - Obstacle detected.
1969-12-31 19:05:29 - INFO - [info] - Obstacle detected.
1969-12-31 19:05:29 - INFO - [info] - Obstacle detected.
1969-12-31 19:05:30 - INFO - [info] - Obstacle detected.
1969-12-31 19:05:30 - INFO - [info] - Obstacle detected.
1969-12-31 19:05:30 - INFO - [info] - Obstacle detected.
1969-12-31 19:05:30 - INFO - [info] - Obstacle detected.
1969-12-31 19:05:30 - INFO - [info] - Obstacle detected.
1969-12-31 19:05:30 - INFO - [info] - Obstacle detected.
1969-12-31 19:05:30 - INFO - [info] - Obstacle detected.
1969-12-31 19:05:30 - INFO - [info] - Obstacle detected.
1969-12-31 19:05:30 - INFO - [info] - Obstacle detected.
1969-12-31 19:05:30 - INFO - [info] - Obstacle detected.
1969-12-31 19:05:31 - INFO - [info] - Obstacle detected.
1969-12-31 19:05:31 - INFO - [info] - Obstacle detected.
1969-12-31 19:05:31 - INFO - [info] - Obstacle detected.
1969-12-31 19:05:31 - INFO - [info] - Obstacle detected.
1969-12-31 19:05:31 - INFO - [info] - Obstacle detected.
1969-12-31 19:05:31 - INFO - [info] - Obstacle detected.
1969-12-31 19:05:31 - INFO - [info] - Obstacle detected.
1969-12-31 19:05:31 - INFO - [info] - Obstacle detected.
1969-12-31 19:05:32 - INFO - [info] - Obstacle detected.
1969-12-31 19:05:32 - INFO - [info] - Obstacle detected.
1969-12-31 19:05:32 - INFO - [info] - Obstacle detected.
1969-12-31 19:05:32 - INFO - [info] - Obstacle detected.
1969-12-31 19:05:32 - INFO - [info] - Obstacle detected.
1969-12-31 19:05:34 - INFO - [info] - Obstacle detected.
1969-12-31 19:05:34 - INFO - [info] - Obstacle detected.
1969-12-31 19:05:35 - INFO - [info] - Obstacle detected.
1969-12-31 19:05:35 - INFO - [info] - Obstacle detected.
1969-12-31 19:05:35 - INFO - [info] - Obstacle detected.
1969-12-31 19:05:36 - INFO - [info] - Obstacle detected.
1969-12-31 19:05:36 - INFO - [info] - Obstacle detected.
1969-12-31 19:05:36 - INFO - [info] - Obstacle detected.
1969-12-31 19:05:36 - INFO - [info] - Obstacle detected.
1969-12-31 19:05:37 - INFO - [info] - Obstacle detected.
1969-12-31 19:05:38 - INFO - [info] - Obstacle detected.
1969-12-31 19:05:38 - INFO - [info] - Obstacle detected.
1969-12-31 19:05:38 - INFO - [info] - Obstacle detected.
1969-12-31 19:05:39 - INFO - [info] - Obstacle detected.
1969-12-31 19:05:39 - INFO - [info] - Obstacle detected.
1969-12-31 19:05:39 - INFO - [info] - Obstacle detected.
1969-12-31 19:05:40 - INFO - [info] - Obstacle detected.
1969-12-31 19:05:40 - INFO - [info] - Obstacle detected.
1969-12-31 19:05:40 - INFO - [info] - Obstacle detected.
1969-12-31 19:05:41 - INFO - [info] - Obstacle detected.
1969-12-31 19:05:42 - INFO - [info] - Obstacle detected.
1969-12-31 19:05:42 - INFO - [info] - Obstacle detected.
1969-12-31 19:05:42 - INFO - [info] - Obstacle detected.
1969-12-31 19:05:42 - INFO - [info] - Obstacle detected.
1969-12-31 19:05:44 - INFO - [info] - Obstacle detected.
1969-12-31 19:05:44 - INFO - [info] - Obstacle detected.
1969-12-31 19:05:44 - INFO - [info] - Obstacle detected.
1969-12-31 19:05:45 - INFO - [info] - Obstacle detected.
1969-12-31 19:05:45 - INFO - [info] - Obstacle detected.
1969-12-31 19:05:45 - INFO - [info] - Obstacle detected.
1969-12-31 19:05:45 - INFO - [info] - Obstacle detected.
1969-12-31 19:05:46 - INFO - [info] - Obstacle detected.
1969-12-31 19:05:48 - INFO - [info] - Obstacle detected.
1969-12-31 19:05:48 - INFO - [info] - Obstacle detected.
1969-12-31 19:05:49 - INFO - [info] - Obstacle detected.
1969-12-31 19:05:49 - INFO - [info] - Obstacle detected.
1969-12-31 19:05:49 - INFO - [info] - Obstacle detected.
1969-12-31 19:05:49 - INFO - [info] - Obstacle detected.
1969-12-31 19:05:49 - INFO - [info] - Obstacle detected.
1969-12-31 19:05:49 - INFO - [info] - Obstacle detected.
1969-12-31 19:05:50 - INFO - [info] - Obstacle detected.
1969-12-31 19:05:50 - INFO - [info] - Obstacle detected.
1969-12-31 19:05:51 - INFO - [info] - Obstacle detected.
1969-12-31 19:05:52 - INFO - [info] - Obstacle detected.
1969-12-31 19:05:52 - INFO - [info] - Obstacle detected.
1969-12-31 19:05:53 - INFO - [info] - Obstacle detected.
1969-12-31 19:05:54 - INFO - [info] - Obstacle detected.
1969-12-31 19:05:54 - INFO - [info] - Obstacle detected.
1969-12-31 19:05:55 - INFO - [info] - Obstacle detected.
1969-12-31 19:05:56 - INFO - [info] - Obstacle detected.
1969-12-31 19:05:56 - INFO - [info] - Obstacle detected.
1969-12-31 19:05:57 - INFO - [info] - Obstacle detected.
1969-12-31 19:05:57 - INFO - [info] - Obstacle detected.
1969-12-31 19:05:57 - INFO - [info] - Obstacle detected.
1969-12-31 19:05:57 - INFO - [info] - Obstacle detected.
1969-12-31 19:05:57 - INFO - [info] - Obstacle detected.
1969-12-31 19:05:58 - INFO - [info] - Obstacle detected.
1969-12-31 19:05:58 - INFO - [info] - Obstacle detected.
1969-12-31 19:05:58 - INFO - [info] - Obstacle detected.
1969-12-31 19:05:59 - INFO - [info] - Obstacle detected.
1969-12-31 19:06:00 - INFO - [info] - Obstacle detected.
1969-12-31 19:06:00 - INFO - [info] - Obstacle detected.
1969-12-31 19:06:00 - INFO - [info] - Obstacle detected.
1969-12-31 19:06:00 - INFO - [info] - Obstacle detected.
1969-12-31 19:06:00 - INFO - [info] - Obstacle detected.
1969-12-31 19:06:00 - INFO - [info] - Obstacle detected.
1969-12-31 19:06:01 - INFO - [info] - Obstacle detected.
1969-12-31 19:06:01 - INFO - [info] - Obstacle detected.
1969-12-31 19:06:01 - INFO - [info] - Obstacle detected.
1969-12-31 19:06:01 - INFO - [info] - Obstacle detected.
1969-12-31 19:06:01 - INFO - [info] - Obstacle detected.
1969-12-31 19:06:01 - INFO - [info] - Obstacle detected.
1969-12-31 19:06:01 - INFO - [info] - Obstacle detected.
1969-12-31 19:06:01 - INFO - [info] - Obstacle detected.
1969-12-31 19:06:01 - INFO - [info] - Obstacle detected.
1969-12-31 19:06:02 - INFO - [info] - Obstacle detected.
1969-12-31 19:06:02 - INFO - [info] - Obstacle detected.
1969-12-31 19:06:02 - INFO - [info] - Obstacle detected.
1969-12-31 19:06:02 - INFO - [info] - Obstacle detected.
1969-12-31 19:06:02 - INFO - [info] - Obstacle detected.
1969-12-31 19:06:02 - INFO - [info] - Obstacle detected.
1969-12-31 19:06:02 - INFO - [info] - Obstacle detected.
1969-12-31 19:06:02 - INFO - [info] - Obstacle detected.
1969-12-31 19:06:03 - INFO - [info] - Obstacle detected.
1969-12-31 19:06:03 - INFO - [info] - Obstacle detected.
1969-12-31 19:06:03 - INFO - [info] - Obstacle detected.
1969-12-31 19:06:03 - INFO - [info] - Obstacle detected.
1969-12-31 19:06:03 - INFO - [info] - Obstacle detected.
1969-12-31 19:06:03 - INFO - [info] - Obstacle detected.
1969-12-31 19:06:03 - INFO - [info] - Obstacle detected.
1969-12-31 19:06:03 - INFO - [info] - Obstacle detected.
1969-12-31 19:06:04 - INFO - [info] - Obstacle detected.
1969-12-31 19:06:04 - INFO - [info] - Obstacle detected.
1969-12-31 19:06:04 - INFO - [info] - Obstacle detected.
1969-12-31 19:06:04 - INFO - [info] - Obstacle detected.
1969-12-31 19:06:04 - INFO - [info] - Obstacle detected.
1969-12-31 19:06:04 - INFO - [info] - Obstacle detected.
1969-12-31 19:06:04 - INFO - [info] - Obstacle detected.
1969-12-31 19:06:05 - INFO - [info] - Obstacle detected.
1969-12-31 19:06:05 - INFO - [info] - Obstacle detected.
1969-12-31 19:06:05 - INFO - [info] - Obstacle detected.
1969-12-31 19:06:05 - INFO - [info] - Obstacle detected.
1969-12-31 19:06:05 - INFO - [info] - Obstacle detected.
1969-12-31 19:06:05 - INFO - [info] - Obstacle detected.
1969-12-31 19:06:05 - INFO - [info] - Obstacle detected.
1969-12-31 19:06:06 - INFO - [info] - Obstacle detected.
1969-12-31 19:06:06 - INFO - [info] - Obstacle detected.
1969-12-31 19:06:06 - INFO - [info] - Obstacle detected.
1969-12-31 19:06:06 - INFO - [info] - Obstacle detected.
1969-12-31 19:06:06 - INFO - [info] - Obstacle detected.
1969-12-31 19:06:06 - INFO - [info] - Obstacle detected.
1969-12-31 19:06:06 - INFO - [info] - Obstacle detected.
1969-12-31 19:06:06 - INFO - [info] - Obstacle detected.
1969-12-31 19:06:07 - INFO - [info] - Obstacle detected.
1969-12-31 19:06:07 - INFO - [info] - Obstacle detected.
1969-12-31 19:06:07 - INFO - [info] - Obstacle detected.
1969-12-31 19:06:07 - INFO - [info] - Obstacle detected.
1969-12-31 19:06:07 - INFO - [info] - Obstacle detected.
1969-12-31 19:06:07 - INFO - [info] - Obstacle detected.
1969-12-31 19:06:07 - INFO - [info] - Obstacle detected.
1969-12-31 19:06:07 - INFO - [info] - Obstacle detected.
1969-12-31 19:06:08 - INFO - [info] - Obstacle detected.
1969-12-31 19:06:08 - INFO - [info] - Obstacle detected.
1969-12-31 19:06:08 - INFO - [info] - Obstacle detected.
1969-12-31 19:06:08 - INFO - [info] - Obstacle detected.
1969-12-31 19:06:08 - INFO - [info] - Obstacle detected.
1969-12-31 19:06:08 - INFO - [info] - Obstacle detected.
1969-12-31 19:06:08 - INFO - [info] - Obstacle detected.
1969-12-31 19:06:09 - INFO - [info] - Obstacle detected.
1969-12-31 19:06:09 - INFO - [info] - Obstacle detected.
1969-12-31 19:06:09 - INFO - [info] - Obstacle detected.
1969-12-31 19:06:09 - INFO - [info] - Obstacle detected.
1969-12-31 19:06:09 - INFO - [info] - Obstacle detected.
1969-12-31 19:06:09 - INFO - [info] - Obstacle detected.
1969-12-31 19:06:09 - INFO - [info] - Obstacle detected.
1969-12-31 19:06:09 - INFO - [info] - Obstacle detected.
1969-12-31 19:06:09 - INFO - [info] - Obstacle detected.
1969-12-31 19:06:10 - INFO - [info] - Obstacle detected.
1969-12-31 19:06:10 - INFO - [info] - Obstacle detected.
1969-12-31 19:06:10 - INFO - [info] - Obstacle detected.
1969-12-31 19:06:10 - INFO - [info] - Obstacle detected.
1969-12-31 19:06:10 - INFO - [info] - Obstacle detected.
1969-12-31 19:06:10 - INFO - [info] - Obstacle detected.
1969-12-31 19:06:10 - INFO - [info] - Obstacle detected.
1969-12-31 19:06:10 - INFO - [info] - Obstacle detected.
1969-12-31 19:06:11 - INFO - [info] - Obstacle detected.
1969-12-31 19:06:11 - INFO - [info] - Obstacle detected.
1969-12-31 19:06:11 - INFO - [info] - Obstacle detected.
1969-12-31 19:06:11 - INFO - [info] - Obstacle detected.
1969-12-31 19:06:11 - INFO - [info] - Obstacle detected.
1969-12-31 19:06:11 - INFO - [info] - Obstacle detected.
1969-12-31 19:06:11 - INFO - [info] - Obstacle detected.
1969-12-31 19:06:11 - INFO - [info] - Obstacle detected.
1969-12-31 19:06:11 - INFO - [info] - Obstacle detected.
1969-12-31 19:06:12 - INFO - [info] - Obstacle detected.
1969-12-31 19:06:12 - INFO - [info] - Obstacle detected.
1969-12-31 19:06:12 - INFO - [info] - Obstacle detected.
1969-12-31 19:06:12 - INFO - [info] - Obstacle detected.
1969-12-31 19:06:12 - INFO - [info] - Obstacle detected.
1969-12-31 19:06:12 - INFO - [info] - Obstacle detected.
1969-12-31 19:06:12 - INFO - [info] - Obstacle detected.
1969-12-31 19:06:12 - INFO - [info] - Obstacle detected.
1969-12-31 19:06:13 - INFO - [info] - Obstacle detected.
1969-12-31 19:06:13 - INFO - [info] - Obstacle detected.
1969-12-31 19:06:13 - INFO - [info] - Obstacle detected.
1969-12-31 19:06:13 - INFO - [info] - Obstacle detected.
1969-12-31 19:06:13 - INFO - [info] - Obstacle detected.
1969-12-31 19:06:13 - INFO - [info] - Obstacle detected.
1969-12-31 19:06:13 - INFO - [info] - Obstacle detected.
1969-12-31 19:06:13 - INFO - [info] - Obstacle detected.
1969-12-31 19:06:13 - INFO - [info] - Obstacle detected.
1969-12-31 19:06:14 - INFO - [info] - Obstacle detected.
1969-12-31 19:06:14 - INFO - [info] - Obstacle detected.
1969-12-31 19:06:14 - INFO - [info] - Obstacle detected.
1969-12-31 19:06:14 - INFO - [info] - Obstacle detected.
1969-12-31 19:06:14 - INFO - [info] - Obstacle detected.
1969-12-31 19:06:14 - INFO - [info] - Obstacle detected.
1969-12-31 19:06:14 - INFO - [info] - Obstacle detected.
1969-12-31 19:06:14 - INFO - [info] - Obstacle detected.
1969-12-31 19:06:14 - INFO - [info] - Obstacle detected.
1969-12-31 19:06:15 - INFO - [info] - Obstacle detected.
1969-12-31 19:06:15 - INFO - [info] - Obstacle detected.
1969-12-31 19:06:15 - INFO - [info] - Obstacle detected.
1969-12-31 19:06:15 - INFO - [info] - Obstacle detected.
1969-12-31 19:06:15 - INFO - [info] - Obstacle detected.
1969-12-31 19:06:15 - INFO - [info] - Obstacle detected.
1969-12-31 19:06:15 - INFO - [info] - Obstacle detected.
1969-12-31 19:06:15 - INFO - [info] - Obstacle detected.
1969-12-31 19:06:15 - INFO - [info] - Obstacle detected.
1969-12-31 19:06:16 - INFO - [info] - Obstacle detected.
1969-12-31 19:06:16 - INFO - [info] - Obstacle detected.
1969-12-31 19:06:16 - INFO - [info] - Obstacle detected.
1969-12-31 19:06:16 - INFO - [info] - Obstacle detected.
1969-12-31 19:06:16 - INFO - [info] - Obstacle detected.
1969-12-31 19:06:16 - INFO - [info] - Obstacle detected.
1969-12-31 19:06:16 - INFO - [info] - Obstacle detected.
1969-12-31 19:06:16 - INFO - [info] - Obstacle detected.
1969-12-31 19:06:17 - INFO - [info] - Obstacle detected.
1969-12-31 19:06:17 - INFO - [info] - Obstacle detected.
1969-12-31 19:06:17 - INFO - [info] - Obstacle detected.
1969-12-31 19:06:17 - INFO - [info] - Obstacle detected.
1969-12-31 19:06:17 - INFO - [info] - Obstacle detected.
1969-12-31 19:06:17 - INFO - [info] - Obstacle detected.
1969-12-31 19:06:17 - INFO - [info] - Obstacle detected.
1969-12-31 19:06:17 - INFO - [info] - Obstacle detected.
1969-12-31 19:06:17 - INFO - [info] - Obstacle detected.
1969-12-31 19:06:18 - INFO - [info] - Obstacle detected.
1969-12-31 19:06:18 - INFO - [info] - Obstacle detected.
1969-12-31 19:06:18 - INFO - [info] - Obstacle detected.
1969-12-31 19:06:18 - INFO - [info] - Obstacle detected.
1969-12-31 19:06:18 - INFO - [info] - Obstacle detected.
1969-12-31 19:06:18 - INFO - [info] - Obstacle detected.
1969-12-31 19:06:18 - INFO - [info] - Obstacle detected.
1969-12-31 19:06:18 - INFO - [info] - Obstacle detected.
1969-12-31 19:06:18 - INFO - [info] - Obstacle detected.
1969-12-31 19:06:19 - INFO - [info] - Obstacle detected.
1969-12-31 19:06:19 - INFO - [info] - Obstacle detected.
1969-12-31 19:06:19 - INFO - [info] - Obstacle detected.
1969-12-31 19:06:19 - INFO - [info] - Obstacle detected.
1969-12-31 19:06:19 - INFO - [info] - Obstacle detected.
1969-12-31 19:06:19 - INFO - [info] - Obstacle detected.
1969-12-31 19:06:19 - INFO - [info] - Obstacle detected.
1969-12-31 19:06:19 - INFO - [info] - Obstacle detected.
1969-12-31 19:06:20 - INFO - [info] - Obstacle detected.
1969-12-31 19:06:20 - INFO - [info] - Obstacle detected.
1969-12-31 19:06:20 - INFO - [info] - Obstacle detected.
1969-12-31 19:06:21 - INFO - [info] - Obstacle detected.
1969-12-31 19:06:21 - INFO - [info] - Obstacle detected.
1969-12-31 19:06:21 - INFO - [info] - Obstacle detected.
1969-12-31 19:06:21 - INFO - [info] - Obstacle detected.
1969-12-31 19:06:21 - INFO - [info] - Obstacle detected.
1969-12-31 19:06:21 - INFO - [info] - Obstacle detected.
1969-12-31 19:06:21 - INFO - [info] - Obstacle detected.
1969-12-31 19:06:21 - INFO - [info] - Obstacle detected.
1969-12-31 19:06:22 - INFO - [info] - Obstacle detected.
1969-12-31 19:06:22 - INFO - [info] - Obstacle detected.
1969-12-31 19:06:22 - INFO - [info] - Obstacle detected.
1969-12-31 19:06:22 - INFO - [info] - Obstacle detected.
1969-12-31 19:06:22 - INFO - [info] - Obstacle detected.
1969-12-31 19:06:22 - INFO - [info] - Obstacle detected.
1969-12-31 19:06:22 - INFO - [info] - Obstacle detected.
1969-12-31 19:06:22 - INFO - [info] - Obstacle detected.
1969-12-31 19:06:22 - INFO - [info] - Obstacle detected.
1969-12-31 19:06:23 - INFO - [info] - Obstacle detected.
1969-12-31 19:06:23 - INFO - [info] - Obstacle detected.
1969-12-31 19:06:23 - INFO - [info] - Obstacle detected.
1969-12-31 19:06:23 - INFO - [info] - Obstacle detected.
1969-12-31 19:06:23 - INFO - [info] - Obstacle detected.
1969-12-31 19:06:23 - INFO - [info] - Obstacle detected.
1969-12-31 19:06:23 - INFO - [info] - Obstacle detected.
1969-12-31 19:06:23 - INFO - [info] - Obstacle detected.
1969-12-31 19:06:23 - INFO - [info] - Obstacle detected.
1969-12-31 19:06:24 - INFO - [info] - Obstacle detected.
1969-12-31 19:06:24 - INFO - [info] - Obstacle detected.
1969-12-31 19:06:24 - INFO - [info] - Obstacle detected.
1969-12-31 19:06:24 - INFO - [info] - Obstacle detected.
1969-12-31 19:06:24 - INFO - [info] - Obstacle detected.
1969-12-31 19:06:24 - INFO - [info] - Obstacle detected.
1969-12-31 19:06:24 - INFO - [info] - Obstacle detected.
1969-12-31 19:06:24 - INFO - [info] - Obstacle detected.
1969-12-31 19:06:24 - INFO - [info] - Obstacle detected.
1969-12-31 19:06:25 - INFO - [info] - Obstacle detected.
1969-12-31 19:06:25 - INFO - [info] - Obstacle detected.
1969-12-31 19:06:25 - INFO - [info] - Obstacle detected.
1969-12-31 19:06:25 - INFO - [info] - Obstacle detected.
1969-12-31 19:06:26 - INFO - [info] - Obstacle detected.
1969-12-31 19:06:26 - INFO - [info] - Obstacle detected.
1969-12-31 19:06:26 - INFO - [info] - Obstacle detected.
1969-12-31 19:06:26 - INFO - [info] - Obstacle detected.
1969-12-31 19:06:26 - INFO - [info] - Obstacle detected.
1969-12-31 19:06:27 - INFO - [info] - Obstacle detected.
1969-12-31 19:06:27 - INFO - [info] - Obstacle detected.
1969-12-31 19:06:27 - INFO - [info] - Obstacle detected.
1969-12-31 19:06:28 - INFO - [info] - Obstacle detected.
1969-12-31 19:06:28 - INFO - [info] - Obstacle detected.
1969-12-31 19:06:28 - INFO - [info] - Obstacle detected.
1969-12-31 19:06:28 - INFO - [info] - Obstacle detected.
1969-12-31 19:06:28 - INFO - [info] - Obstacle detected.
1969-12-31 19:06:29 - INFO - [info] - Obstacle detected.
1969-12-31 19:06:29 - INFO - [info] - Obstacle detected.
1969-12-31 19:06:29 - INFO - [info] - Obstacle detected.
1969-12-31 19:06:29 - INFO - [info] - Obstacle detected.
1969-12-31 19:06:31 - INFO - [info] - Obstacle detected.
1969-12-31 19:06:32 - INFO - [info] - Obstacle detected.
1969-12-31 19:06:32 - INFO - [info] - Obstacle detected.
1969-12-31 19:06:32 - INFO - [info] - Obstacle detected.
1969-12-31 19:06:33 - INFO - [info] - Obstacle detected.
1969-12-31 19:06:33 - INFO - [info] - Obstacle detected.
1969-12-31 19:06:33 - INFO - [info] - Obstacle detected.
1969-12-31 19:06:34 - INFO - [info] - Obstacle detected.
1969-12-31 19:06:34 - INFO - [info] - Obstacle detected.
1969-12-31 19:06:35 - INFO - [info] - Obstacle detected.
1969-12-31 19:06:35 - INFO - [info] - Obstacle detected.
1969-12-31 19:06:35 - INFO - [info] - Obstacle detected.
1969-12-31 19:06:35 - INFO - [info] - Obstacle detected.
1969-12-31 19:06:36 - INFO - [info] - Obstacle detected.
1969-12-31 19:06:36 - INFO - [info] - Obstacle detected.
1969-12-31 19:06:36 - INFO - [info] - Obstacle detected.
1969-12-31 19:06:36 - INFO - [info] - Obstacle detected.
1969-12-31 19:06:36 - INFO - [info] - Obstacle detected.
1969-12-31 19:06:37 - INFO - [info] - Obstacle detected.
1969-12-31 19:06:37 - INFO - [info] - Obstacle detected.
1969-12-31 19:06:37 - INFO - [info] - Obstacle detected.
1969-12-31 19:06:37 - INFO - [info] - Obstacle detected.
1969-12-31 19:06:37 - INFO - [info] - Obstacle detected.
1969-12-31 19:06:38 - INFO - [info] - Obstacle detected.
1969-12-31 19:06:38 - INFO - [info] - Obstacle detected.
1969-12-31 19:06:38 - INFO - [info] - Obstacle detected.
1969-12-31 19:06:39 - INFO - [info] - Obstacle detected.
1969-12-31 19:06:39 - INFO - [info] - Obstacle detected.
1969-12-31 19:06:40 - INFO - [info] - Obstacle detected.
1969-12-31 19:06:40 - INFO - [info] - Obstacle detected.
1969-12-31 19:06:41 - INFO - [info] - Obstacle detected.
1969-12-31 19:06:42 - INFO - [info] - Obstacle detected.
1969-12-31 19:06:42 - INFO - [info] - Obstacle detected.
1969-12-31 19:06:42 - INFO - [info] - Obstacle detected.
1969-12-31 19:06:43 - INFO - [info] - Obstacle detected.
1969-12-31 19:06:43 - INFO - [info] - Obstacle detected.
1969-12-31 19:06:44 - INFO - [info] - Obstacle detected.
1969-12-31 19:06:44 - INFO - [info] - Obstacle detected.
1969-12-31 19:06:45 - INFO - [info] - Obstacle detected.
1969-12-31 19:06:46 - INFO - [info] - Obstacle detected.
1969-12-31 19:06:46 - INFO - [info] - Obstacle detected.
1969-12-31 19:06:46 - INFO - [info] - Obstacle detected.
1969-12-31 19:06:46 - INFO - [info] - Obstacle detected.
1969-12-31 19:06:47 - INFO - [info] - Obstacle detected.
1969-12-31 19:06:47 - INFO - [info] - Obstacle detected.
1969-12-31 19:06:47 - INFO - [info] - Obstacle detected.
1969-12-31 19:06:47 - INFO - [info] - Obstacle detected.
1969-12-31 19:06:48 - INFO - [info] - Obstacle detected.
1969-12-31 19:06:48 - INFO - [info] - Obstacle detected.
1969-12-31 19:06:49 - INFO - [info] - Obstacle detected.
1969-12-31 19:06:49 - INFO - [info] - Obstacle detected.
1969-12-31 19:06:49 - INFO - [info] - Obstacle detected.
1969-12-31 19:06:50 - INFO - [info] - Obstacle detected.
1969-12-31 19:06:50 - INFO - [info] - Obstacle detected.
1969-12-31 19:06:51 - INFO - [info] - Obstacle detected.
1969-12-31 19:06:51 - INFO - [info] - Obstacle detected.
1969-12-31 19:06:52 - INFO - [info] - Obstacle detected.
1969-12-31 19:06:53 - INFO - [info] - Obstacle detected.
1969-12-31 19:06:54 - INFO - [info] - Obstacle detected.
1969-12-31 19:06:55 - INFO - [info] - Obstacle detected.
1969-12-31 19:06:55 - INFO - [info] - Obstacle detected.
1969-12-31 19:06:55 - INFO - [info] - Obstacle detected.
1969-12-31 19:06:55 - INFO - [info] - Obstacle detected.
1969-12-31 19:06:56 - INFO - [info] - Obstacle detected.
1969-12-31 19:06:56 - INFO - [info] - Obstacle detected.
1969-12-31 19:06:56 - INFO - [info] - Obstacle detected.
1969-12-31 19:06:56 - INFO - [info] - Obstacle detected.
1969-12-31 19:06:57 - INFO - [info] - Obstacle detected.
1969-12-31 19:06:57 - INFO - [info] - Obstacle detected.
1969-12-31 19:07:00 - INFO - [info] - Obstacle detected.
1969-12-31 19:07:01 - INFO - [info] - Obstacle detected.
1969-12-31 19:07:01 - INFO - [info] - Obstacle detected.
1969-12-31 19:07:01 - INFO - [info] - Obstacle detected.
1969-12-31 19:07:02 - INFO - [info] - Obstacle detected.
1969-12-31 19:07:02 - INFO - [info] - Obstacle detected.
1969-12-31 19:07:03 - INFO - [info] - Obstacle detected.
1969-12-31 19:07:04 - INFO - [info] - Obstacle detected.
1969-12-31 19:07:04 - INFO - [info] - Obstacle detected.
1969-12-31 19:07:05 - INFO - [info] - Obstacle detected.
1969-12-31 19:07:05 - INFO - [info] - Obstacle detected.
1969-12-31 19:07:05 - INFO - [info] - Obstacle detected.
1969-12-31 19:07:07 - INFO - [info] - Obstacle detected.
1969-12-31 19:07:07 - INFO - [info] - Obstacle detected.
1969-12-31 19:07:07 - INFO - [info] - Obstacle detected.
1969-12-31 19:07:07 - INFO - [info] - Obstacle detected.
1969-12-31 19:07:08 - INFO - [info] - Obstacle detected.
1969-12-31 19:07:08 - INFO - [info] - Obstacle detected.
1969-12-31 19:07:08 - INFO - [info] - Obstacle detected.
1969-12-31 19:07:08 - INFO - [info] - Obstacle detected.
1969-12-31 19:07:08 - INFO - [info] - Obstacle detected.
1969-12-31 19:07:09 - INFO - [info] - Obstacle detected.
1969-12-31 19:07:09 - INFO - [info] - Obstacle detected.
1969-12-31 19:07:09 - INFO - [info] - Obstacle detected.
1969-12-31 19:07:09 - INFO - [info] - Obstacle detected.
1969-12-31 19:07:10 - INFO - [info] - Obstacle detected.
1969-12-31 19:07:10 - INFO - [info] - Obstacle detected.
1969-12-31 19:07:11 - INFO - [info] - Obstacle detected.
1969-12-31 19:07:11 - INFO - [info] - Obstacle detected.
1969-12-31 19:07:12 - INFO - [info] - Obstacle detected.
1969-12-31 19:07:12 - INFO - [info] - Obstacle detected.
1969-12-31 19:07:12 - INFO - [info] - Obstacle detected.
1969-12-31 19:07:13 - INFO - [info] - Obstacle detected.
1969-12-31 19:07:13 - INFO - [info] - Obstacle detected.
1969-12-31 19:07:13 - INFO - [info] - Obstacle detected.
1969-12-31 19:07:13 - INFO - [info] - Obstacle detected.
1969-12-31 19:07:13 - INFO - [info] - Obstacle detected.
1969-12-31 19:07:14 - INFO - [info] - Obstacle detected.
1969-12-31 19:07:14 - INFO - [info] - Obstacle detected.
1969-12-31 19:07:14 - INFO - [info] - Obstacle detected.
1969-12-31 19:07:15 - INFO - [info] - Obstacle detected.
1969-12-31 19:07:15 - INFO - [info] - Obstacle detected.
1969-12-31 19:07:15 - INFO - [info] - Obstacle detected.
1969-12-31 19:07:15 - INFO - [info] - Obstacle detected.
1969-12-31 19:07:16 - INFO - [info] - Obstacle detected.
1969-12-31 19:07:16 - INFO - [info] - Obstacle detected.
1969-12-31 19:07:16 - INFO - [info] - Obstacle detected.
1969-12-31 19:07:16 - INFO - [info] - Obstacle detected.
1969-12-31 19:07:16 - INFO - [info] - Obstacle detected.
1969-12-31 19:07:17 - INFO - [info] - Obstacle detected.
1969-12-31 19:07:17 - INFO - [info] - Obstacle detected.
1969-12-31 19:07:17 - INFO - [info] - Obstacle detected.
1969-12-31 19:07:17 - INFO - [info] - Obstacle detected.
1969-12-31 19:07:18 - INFO - [info] - Obstacle detected.
1969-12-31 19:07:18 - INFO - [info] - Obstacle detected.
1969-12-31 19:07:19 - INFO - [info] - Obstacle detected.
1969-12-31 19:07:19 - INFO - [info] - Obstacle detected.
1969-12-31 19:07:19 - INFO - [info] - Obstacle detected.
1969-12-31 19:07:19 - INFO - [info] - Obstacle detected.
1969-12-31 19:07:20 - INFO - [info] - Obstacle detected.
1969-12-31 19:07:20 - INFO - [info] - Obstacle detected.
1969-12-31 19:07:21 - INFO - [info] - Obstacle detected.
1969-12-31 19:07:21 - INFO - [info] - Obstacle detected.
1969-12-31 19:07:22 - INFO - [info] - Obstacle detected.
1969-12-31 19:07:22 - INFO - [info] - Obstacle detected.
1969-12-31 19:07:22 - INFO - [info] - Obstacle detected.
1969-12-31 19:07:23 - INFO - [info] - Obstacle detected.
1969-12-31 19:07:23 - INFO - [info] - Obstacle detected.
1969-12-31 19:07:23 - INFO - [info] - Obstacle detected.
1969-12-31 19:07:23 - INFO - [info] - Obstacle detected.
1969-12-31 19:07:24 - INFO - [info] - Obstacle detected.
1969-12-31 19:07:24 - INFO - [info] - Obstacle detected.
1969-12-31 19:07:24 - INFO - [info] - Obstacle detected.
1969-12-31 19:07:24 - INFO - [info] - Obstacle detected.
1969-12-31 19:07:25 - INFO - [info] - Obstacle detected.
1969-12-31 19:07:25 - INFO - [info] - Obstacle detected.
1969-12-31 19:07:26 - INFO - [info] - Obstacle detected.
1969-12-31 19:07:26 - INFO - [info] - Obstacle detected.
1969-12-31 19:07:26 - INFO - [info] - Obstacle detected.
1969-12-31 19:07:28 - INFO - [info] - Obstacle detected.
1969-12-31 19:07:28 - INFO - [info] - Obstacle detected.
1969-12-31 19:07:29 - INFO - [info] - Obstacle detected.
1969-12-31 19:07:29 - INFO - [info] - Obstacle detected.
1969-12-31 19:07:30 - INFO - [info] - Obstacle detected.
1969-12-31 19:07:31 - INFO - [info] - Obstacle detected.
1969-12-31 19:07:31 - INFO - [info] - Obstacle detected.
1969-12-31 19:07:32 - INFO - [info] - Obstacle detected.
1969-12-31 19:07:32 - INFO - [info] - Obstacle detected.
1969-12-31 19:07:33 - INFO - [info] - Obstacle detected.
1969-12-31 19:07:35 - INFO - [info] - Obstacle detected.
1969-12-31 19:07:36 - INFO - [info] - Obstacle detected.
1969-12-31 19:07:36 - INFO - [info] - Obstacle detected.
1969-12-31 19:07:36 - INFO - [info] - Obstacle detected.
1969-12-31 19:07:36 - INFO - [info] - Obstacle detected.
1969-12-31 19:07:36 - INFO - [info] - Obstacle detected.
1969-12-31 19:07:36 - INFO - [info] - Obstacle detected.
1969-12-31 19:07:37 - INFO - [info] - Obstacle detected.
1969-12-31 19:07:37 - INFO - [info] - Obstacle detected.
1969-12-31 19:07:38 - INFO - [info] - Obstacle detected.
1969-12-31 19:07:38 - INFO - [info] - Obstacle detected.
1969-12-31 19:07:39 - INFO - [info] - Obstacle detected.
1969-12-31 19:07:39 - INFO - [info] - Obstacle detected.
1969-12-31 19:07:40 - INFO - [info] - Obstacle detected.
1969-12-31 19:07:40 - INFO - [info] - Obstacle detected.
1969-12-31 19:07:40 - INFO - [info] - Obstacle detected.
1969-12-31 19:07:41 - INFO - [info] - Obstacle detected.
1969-12-31 19:07:41 - INFO - [info] - Obstacle detected.
1969-12-31 19:07:42 - INFO - [info] - Obstacle detected.
1969-12-31 19:07:43 - INFO - [info] - Obstacle detected.
1969-12-31 19:07:43 - INFO - [info] - Obstacle detected.
1969-12-31 19:07:43 - INFO - [info] - Obstacle detected.
1969-12-31 19:07:44 - INFO - [info] - Obstacle detected.
1969-12-31 19:07:44 - INFO - [info] - Obstacle detected.
1969-12-31 19:07:44 - INFO - [info] - Obstacle detected.
1969-12-31 19:07:45 - INFO - [info] - Obstacle detected.
1969-12-31 19:07:45 - INFO - [info] - Obstacle detected.
1969-12-31 19:07:46 - INFO - [info] - Obstacle detected.
1969-12-31 19:07:46 - INFO - [info] - Obstacle detected.
1969-12-31 19:07:46 - INFO - [info] - Obstacle detected.
1969-12-31 19:07:46 - INFO - [info] - Obstacle detected.
1969-12-31 19:07:46 - INFO - [info] - Obstacle detected.
1969-12-31 19:07:47 - INFO - [info] - Obstacle detected.
1969-12-31 19:07:47 - INFO - [info] - Obstacle detected.
1969-12-31 19:07:48 - INFO - [info] - Obstacle detected.
1969-12-31 19:07:48 - INFO - [info] - Obstacle detected.
1969-12-31 19:07:49 - INFO - [info] - Obstacle detected.
1969-12-31 19:07:49 - INFO - [info] - Obstacle detected.
1969-12-31 19:07:49 - INFO - [info] - Obstacle detected.
1969-12-31 19:07:50 - INFO - [info] - Obstacle detected.
1969-12-31 19:07:51 - INFO - [info] - Obstacle detected.
1969-12-31 19:07:51 - INFO - [info] - Obstacle detected.
1969-12-31 19:07:51 - INFO - [info] - Obstacle detected.
1969-12-31 19:07:52 - INFO - [info] - Obstacle detected.
1969-12-31 19:07:52 - INFO - [info] - Obstacle detected.
1969-12-31 19:07:52 - INFO - [info] - Obstacle detected.
1969-12-31 19:07:52 - INFO - [info] - Obstacle detected.
1969-12-31 19:07:52 - INFO - [info] - Obstacle detected.
1969-12-31 19:07:53 - INFO - [info] - Obstacle detected.
1969-12-31 19:07:54 - INFO - [info] - Obstacle detected.
1969-12-31 19:07:54 - INFO - [info] - Obstacle detected.
1969-12-31 19:07:54 - INFO - [info] - Obstacle detected.
1969-12-31 19:07:54 - INFO - [info] - Obstacle detected.
1969-12-31 19:07:55 - INFO - [info] - Obstacle detected.
1969-12-31 19:07:55 - INFO - [info] - Obstacle detected.
1969-12-31 19:07:55 - INFO - [info] - Obstacle detected.
1969-12-31 19:07:56 - INFO - [info] - Obstacle detected.
1969-12-31 19:07:56 - INFO - [info] - Obstacle detected.
1969-12-31 19:07:56 - INFO - [info] - Obstacle detected.
1969-12-31 19:07:56 - INFO - [info] - Obstacle detected.
1969-12-31 19:07:56 - INFO - [info] - Obstacle detected.
1969-12-31 19:07:57 - INFO - [info] - Obstacle detected.
1969-12-31 19:07:57 - INFO - [info] - Obstacle detected.
1969-12-31 19:07:57 - INFO - [info] - Obstacle detected.
1969-12-31 19:07:57 - INFO - [info] - Obstacle detected.
1969-12-31 19:07:57 - INFO - [info] - Obstacle detected.
1969-12-31 19:07:58 - INFO - [info] - Obstacle detected.
1969-12-31 19:07:58 - INFO - [info] - Obstacle detected.
1969-12-31 19:07:58 - INFO - [info] - Obstacle detected.
1969-12-31 19:07:58 - INFO - [info] - Obstacle detected.
1969-12-31 19:07:58 - INFO - [info] - Obstacle detected.
1969-12-31 19:07:58 - INFO - [info] - Obstacle detected.
1969-12-31 19:07:59 - INFO - [info] - Obstacle detected.
1969-12-31 19:07:59 - INFO - [info] - Obstacle detected.
1969-12-31 19:07:59 - INFO - [info] - Obstacle detected.
1969-12-31 19:07:59 - INFO - [info] - Obstacle detected.
1969-12-31 19:07:59 - INFO - [info] - Obstacle detected.
1969-12-31 19:08:00 - INFO - [info] - Obstacle detected.
1969-12-31 19:08:00 - INFO - [info] - Obstacle detected.
1969-12-31 19:08:00 - INFO - [info] - Obstacle detected.
1969-12-31 19:08:00 - INFO - [info] - Obstacle detected.
1969-12-31 19:08:00 - INFO - [info] - Obstacle detected.
1969-12-31 19:08:01 - INFO - [info] - Obstacle detected.
1969-12-31 19:08:01 - INFO - [info] - Obstacle detected.
1969-12-31 19:08:01 - INFO - [info] - Obstacle detected.
1969-12-31 19:08:01 - INFO - [info] - Obstacle detected.
1969-12-31 19:08:01 - INFO - [info] - Obstacle detected.
1969-12-31 19:08:01 - INFO - [info] - Obstacle detected.
1969-12-31 19:08:01 - INFO - [info] - Obstacle detected.
1969-12-31 19:08:02 - INFO - [info] - Obstacle detected.
1969-12-31 19:08:02 - INFO - [info] - Obstacle detected.
1969-12-31 19:08:02 - INFO - [info] - Obstacle detected.
1969-12-31 19:08:02 - INFO - [info] - Obstacle detected.
1969-12-31 19:08:02 - INFO - [info] - Obstacle detected.
1969-12-31 19:08:02 - INFO - [info] - Obstacle detected.
1969-12-31 19:08:03 - INFO - [info] - Obstacle detected.
1969-12-31 19:08:03 - INFO - [info] - Obstacle detected.
1969-12-31 19:08:03 - INFO - [info] - Obstacle detected.
1969-12-31 19:08:03 - INFO - [info] - Obstacle detected.
1969-12-31 19:08:03 - INFO - [info] - Obstacle detected.
1969-12-31 19:08:03 - INFO - [info] - Obstacle detected.
1969-12-31 19:08:03 - INFO - [info] - Obstacle detected.
1969-12-31 19:08:03 - INFO - [info] - Obstacle detected.
1969-12-31 19:08:03 - INFO - [info] - Obstacle detected.
1969-12-31 19:08:04 - INFO - [info] - Obstacle detected.
1969-12-31 19:08:04 - INFO - [info] - Obstacle detected.
1969-12-31 19:08:04 - INFO - [info] - Obstacle detected.
1969-12-31 19:08:04 - INFO - [info] - Obstacle detected.
1969-12-31 19:08:04 - INFO - [info] - Obstacle detected.
1969-12-31 19:08:04 - INFO - [info] - Obstacle detected.
1969-12-31 19:08:04 - INFO - [info] - Obstacle detected.
1969-12-31 19:08:04 - INFO - [info] - Obstacle detected.
1969-12-31 19:08:04 - INFO - [info] - Obstacle detected.
1969-12-31 19:08:05 - INFO - [info] - Obstacle detected.
1969-12-31 19:08:05 - INFO - [info] - Obstacle detected.
1969-12-31 19:08:05 - INFO - [info] - Obstacle detected.
1969-12-31 19:08:05 - INFO - [info] - Obstacle detected.
1969-12-31 19:08:05 - INFO - [info] - Obstacle detected.
1969-12-31 19:08:05 - INFO - [info] - Obstacle detected.
1969-12-31 19:08:05 - INFO - [info] - Obstacle detected.
1969-12-31 19:08:05 - INFO - [info] - Obstacle detected.
1969-12-31 19:08:06 - INFO - [info] - Obstacle detected.
1969-12-31 19:08:06 - INFO - [info] - Obstacle detected.
1969-12-31 19:08:06 - INFO - [info] - Obstacle detected.
1969-12-31 19:08:06 - INFO - [info] - Obstacle detected.
1969-12-31 19:08:06 - INFO - [info] - Obstacle detected.
1969-12-31 19:08:06 - INFO - [info] - Obstacle detected.
1969-12-31 19:08:06 - INFO - [info] - Obstacle detected.
1969-12-31 19:08:06 - INFO - [info] - Obstacle detected.
1969-12-31 19:08:07 - INFO - [info] - Obstacle detected.
1969-12-31 19:08:07 - INFO - [info] - Obstacle detected.
1969-12-31 19:08:07 - INFO - [info] - Obstacle detected.
1969-12-31 19:08:07 - INFO - [info] - Obstacle detected.
1969-12-31 19:08:07 - INFO - [info] - Obstacle detected.
1969-12-31 19:08:07 - INFO - [info] - Obstacle detected.
1969-12-31 19:08:07 - INFO - [info] - Obstacle detected.
1969-12-31 19:08:08 - INFO - [info] - Obstacle detected.
1969-12-31 19:08:08 - INFO - [info] - Obstacle detected.
1969-12-31 19:08:08 - INFO - [info] - Obstacle detected.
1969-12-31 19:08:09 - INFO - [info] - Obstacle detected.
1969-12-31 19:08:09 - INFO - [info] - Obstacle detected.
1969-12-31 19:08:09 - INFO - [info] - Obstacle detected.
1969-12-31 19:08:09 - INFO - [info] - Obstacle detected.
1969-12-31 19:08:09 - INFO - [info] - Obstacle detected.
1969-12-31 19:08:09 - INFO - [info] - Obstacle detected.
1969-12-31 19:08:09 - INFO - [info] - Obstacle detected.
1969-12-31 19:08:10 - INFO - [info] - Obstacle detected.
1969-12-31 19:08:10 - INFO - [info] - Obstacle detected.
1969-12-31 19:08:10 - INFO - [info] - Obstacle detected.
1969-12-31 19:08:10 - INFO - [info] - Obstacle detected.
1969-12-31 19:08:10 - INFO - [info] - Obstacle detected.
1969-12-31 19:08:10 - INFO - [info] - Obstacle detected.
1969-12-31 19:08:10 - INFO - [info] - Obstacle detected.
1969-12-31 19:08:10 - INFO - [info] - Obstacle detected.
1969-12-31 19:08:11 - INFO - [info] - Obstacle detected.
1969-12-31 19:08:11 - INFO - [info] - Obstacle detected.
1969-12-31 19:08:11 - INFO - [info] - Obstacle detected.
1969-12-31 19:08:11 - INFO - [info] - Obstacle detected.
1969-12-31 19:08:11 - INFO - [info] - Obstacle detected.
1969-12-31 19:08:11 - INFO - [info] - Obstacle detected.
1969-12-31 19:08:11 - INFO - [info] - Obstacle detected.
1969-12-31 19:08:11 - INFO - [info] - Obstacle detected.
1969-12-31 19:08:12 - INFO - [info] - Obstacle detected.
1969-12-31 19:08:12 - INFO - [info] - Obstacle detected.
1969-12-31 19:08:12 - INFO - [info] - Obstacle detected.
1969-12-31 19:08:12 - INFO - [info] - Obstacle detected.
1969-12-31 19:08:12 - INFO - [info] - Obstacle detected.
1969-12-31 19:08:12 - INFO - [info] - Obstacle detected.
1969-12-31 19:08:12 - INFO - [info] - Obstacle detected.
1969-12-31 19:08:13 - INFO - [info] - Obstacle detected.
1969-12-31 19:08:13 - INFO - [info] - Obstacle detected.
1969-12-31 19:08:13 - INFO - [info] - Obstacle detected.
1969-12-31 19:08:13 - INFO - [info] - Obstacle detected.
1969-12-31 19:08:13 - INFO - [info] - Obstacle detected.
1969-12-31 19:08:13 - INFO - [info] - Obstacle detected.
1969-12-31 19:08:13 - INFO - [info] - Obstacle detected.
1969-12-31 19:08:13 - INFO - [info] - Obstacle detected.
1969-12-31 19:08:13 - INFO - [info] - Obstacle detected.
1969-12-31 19:08:14 - INFO - [info] - Obstacle detected.
1969-12-31 19:08:14 - INFO - [info] - Obstacle detected.
1969-12-31 19:08:14 - INFO - [info] - Obstacle detected.
1969-12-31 19:08:14 - INFO - [info] - Obstacle detected.
1969-12-31 19:08:14 - INFO - [info] - Obstacle detected.
1969-12-31 19:08:14 - INFO - [info] - Obstacle detected.
1969-12-31 19:08:14 - INFO - [info] - Obstacle detected.
1969-12-31 19:08:14 - INFO - [info] - Obstacle detected.
1969-12-31 19:08:14 - INFO - [info] - Obstacle detected.
1969-12-31 19:08:15 - INFO - [info] - Obstacle detected.
1969-12-31 19:08:15 - INFO - [info] - Obstacle detected.
1969-12-31 19:08:15 - INFO - [info] - Obstacle detected.
1969-12-31 19:08:15 - INFO - [info] - Obstacle detected.
1969-12-31 19:08:15 - INFO - [info] - Obstacle detected.
1969-12-31 19:08:15 - INFO - [info] - Obstacle detected.
1969-12-31 19:08:15 - INFO - [info] - Obstacle detected.
1969-12-31 19:08:15 - INFO - [info] - Obstacle detected.
1969-12-31 19:08:15 - INFO - [info] - Obstacle detected.
1969-12-31 19:08:16 - INFO - [info] - Obstacle detected.
1969-12-31 19:08:16 - INFO - [info] - Obstacle detected.
1969-12-31 19:08:16 - INFO - [info] - Obstacle detected.
1969-12-31 19:08:16 - INFO - [info] - Obstacle detected.
1969-12-31 19:08:16 - INFO - [info] - Obstacle detected.
1969-12-31 19:08:16 - INFO - [info] - Obstacle detected.
1969-12-31 19:08:16 - INFO - [info] - Obstacle detected.
1969-12-31 19:08:16 - INFO - [info] - Obstacle detected.
1969-12-31 19:08:16 - INFO - [info] - Obstacle detected.
1969-12-31 19:08:17 - INFO - [info] - Obstacle detected.
1969-12-31 19:08:17 - INFO - [info] - Obstacle detected.
1969-12-31 19:08:17 - INFO - [info] - Obstacle detected.
1969-12-31 19:08:17 - INFO - [info] - Obstacle detected.
1969-12-31 19:08:17 - INFO - [info] - Obstacle detected.
1969-12-31 19:08:17 - INFO - [info] - Obstacle detected.
1969-12-31 19:08:17 - INFO - [info] - Obstacle detected.
1969-12-31 19:08:17 - INFO - [info] - Obstacle detected.
1969-12-31 19:08:17 - INFO - [info] - Obstacle detected.
1969-12-31 19:08:18 - INFO - [info] - Obstacle detected.
1969-12-31 19:08:18 - INFO - [info] - Obstacle detected.
1969-12-31 19:08:18 - INFO - [info] - Obstacle detected.
1969-12-31 19:08:18 - INFO - [info] - Obstacle detected.
1969-12-31 19:08:18 - INFO - [info] - Obstacle detected.
1969-12-31 19:08:18 - INFO - [info] - Obstacle detected.
1969-12-31 19:08:18 - INFO - [info] - Obstacle detected.
1969-12-31 19:08:18 - INFO - [info] - Obstacle detected.
1969-12-31 19:08:19 - INFO - [info] - Obstacle detected.
1969-12-31 19:08:19 - INFO - [info] - Obstacle detected.
1969-12-31 19:08:19 - INFO - [info] - Obstacle detected.
1969-12-31 19:08:19 - INFO - [info] - Obstacle detected.
1969-12-31 19:08:19 - INFO - [info] - Obstacle detected.
1969-12-31 19:08:19 - INFO - [info] - Obstacle detected.
1969-12-31 19:08:19 - INFO - [info] - Obstacle detected.
1969-12-31 19:08:19 - INFO - [info] - Obstacle detected.
1969-12-31 19:08:19 - INFO - [info] - Obstacle detected.
1969-12-31 19:08:20 - INFO - [info] - Obstacle detected.
1969-12-31 19:08:20 - INFO - [info] - Obstacle detected.
1969-12-31 19:08:20 - INFO - [info] - Obstacle detected.
1969-12-31 19:08:20 - INFO - [info] - Obstacle detected.
1969-12-31 19:08:20 - INFO - [info] - Obstacle detected.
1969-12-31 19:08:20 - INFO - [info] - Obstacle detected.
1969-12-31 19:08:20 - INFO - [info] - Obstacle detected.
1969-12-31 19:08:20 - INFO - [info] - Obstacle detected.
1969-12-31 19:08:20 - INFO - [info] - Obstacle detected.
1969-12-31 19:08:21 - INFO - [info] - Obstacle detected.
1969-12-31 19:08:21 - INFO - [info] - Obstacle detected.
1969-12-31 19:08:21 - INFO - [info] - Obstacle detected.
1969-12-31 19:08:21 - INFO - [info] - Obstacle detected.
1969-12-31 19:08:21 - INFO - [info] - Obstacle detected.
1969-12-31 19:08:21 - INFO - [info] - Obstacle detected.
1969-12-31 19:08:21 - INFO - [info] - Obstacle detected.
1969-12-31 19:08:21 - INFO - [info] - Obstacle detected.
1969-12-31 19:08:22 - INFO - [info] - Obstacle detected.
1969-12-31 19:08:22 - INFO - [info] - Obstacle detected.
1969-12-31 19:08:22 - INFO - [info] - Obstacle detected.
1969-12-31 19:08:22 - INFO - [info] - Obstacle detected.
1969-12-31 19:08:22 - INFO - [info] - Obstacle detected.
1969-12-31 19:08:22 - INFO - [info] - Obstacle detected.
1969-12-31 19:08:22 - INFO - [info] - Obstacle detected.
1969-12-31 19:08:23 - INFO - [info] - Obstacle detected.
1969-12-31 19:08:23 - INFO - [info] - Obstacle detected.
1969-12-31 19:08:23 - INFO - [info] - Obstacle detected.
1969-12-31 19:08:23 - INFO - [info] - Obstacle detected.
1969-12-31 19:08:23 - INFO - [info] - Obstacle detected.
1969-12-31 19:08:23 - INFO - [info] - Obstacle detected.
1969-12-31 19:08:23 - INFO - [info] - Obstacle detected.
1969-12-31 19:08:24 - INFO - [info] - Obstacle detected.
1969-12-31 19:08:24 - INFO - [info] - Obstacle detected.
1969-12-31 19:08:24 - INFO - [info] - Obstacle detected.
1969-12-31 19:08:24 - INFO - [info] - Obstacle detected.
1969-12-31 19:08:24 - INFO - [info] - Obstacle detected.
1969-12-31 19:08:24 - INFO - [info] - Obstacle detected.
1969-12-31 19:08:24 - INFO - [info] - Obstacle detected.
1969-12-31 19:08:24 - INFO - [info] - Keyboard interrupt caught
1969-12-31 19:08:24 - INFO - [info] - Closing the vehicle communication
