2025-03-18 11:49:53 - INFO - [info] - Logger created
2025-03-18 11:49:53 - INFO - [info] - Connecting to vehicle...
2025-03-18 11:50:07 - INFO - [info] - Connected to vehicle
2025-03-18 11:50:07 - INFO - [info] - Sufficient number of satellites - Counted: 4, Required: 3
2025-03-18 11:50:07 - INFO - [info] - Sufficient battery level - Measured: 100, Required: 25
2025-03-18 11:50:07 - INFO - [info] - Vehicle health validated
2025-03-18 11:50:07 - INFO - [info] - Pixhawk connected, running main
2025-03-18 11:50:07 - INFO - [info] - Waiting to switch to guided mode
2025-03-18 11:52:15 - INFO - [info] - Switched to guided mode
2025-03-18 11:52:15 - INFO - [info] - Current mission: Square Movement
2025-03-18 11:52:15 - INFO - [info] - X Velocity: 1 m/s
2025-03-18 11:52:15 - INFO - [info] - Y Velocity: 0 m/s
2025-03-18 11:52:15 - INFO - [info] - Altitude: 0 m
2025-03-18 11:52:15 - INFO - [info] - Yaw: 90 degrees
2025-03-18 11:52:20 - INFO - [info] - Adjusting velocity - Velocity X: 1, Velocity Y: 0, Altitude: 0
2025-03-18 11:52:20 - INFO - [info] - Command sent
2025-03-18 11:52:25 - INFO - [info] - Adjusting velocity - Velocity X: 0, Velocity Y: 0, Altitude: 0
2025-03-18 11:52:25 - INFO - [info] - Command sent
2025-03-18 11:52:26 - INFO - [info] - Yaw command - Current yaw: 72, Final yaw: 162
2025-03-18 11:52:26 - INFO - [info] - Command sent
2025-03-18 11:52:40 - INFO - [info] - Adjusting velocity - Velocity X: 1, Velocity Y: 0, Altitude: 0
2025-03-18 11:52:40 - INFO - [info] - Command sent
2025-03-18 11:52:45 - INFO - [info] - Adjusting velocity - Velocity X: 0, Velocity Y: 0, Altitude: 0
2025-03-18 11:52:45 - INFO - [info] - Command sent
2025-03-18 11:52:46 - INFO - [info] - Yaw command - Current yaw: 319, Final yaw: 409
2025-03-18 11:52:46 - INFO - [info] - Command sent
2025-03-18 11:53:00 - INFO - [info] - Adjusting velocity - Velocity X: 1, Velocity Y: 0, Altitude: 0
2025-03-18 11:53:00 - INFO - [info] - Command sent
2025-03-18 11:53:05 - INFO - [info] - Adjusting velocity - Velocity X: 0, Velocity Y: 0, Altitude: 0
2025-03-18 11:53:05 - INFO - [info] - Command sent
2025-03-18 11:53:06 - INFO - [info] - Yaw command - Current yaw: 177, Final yaw: 267
2025-03-18 11:53:06 - INFO - [info] - Command sent
2025-03-18 11:53:20 - INFO - [info] - Adjusting velocity - Velocity X: 1, Velocity Y: 0, Altitude: 0
2025-03-18 11:53:20 - INFO - [info] - Command sent
2025-03-18 11:53:25 - INFO - [info] - Adjusting velocity - Velocity X: 0, Velocity Y: 0, Altitude: 0
2025-03-18 11:53:25 - INFO - [info] - Command sent
2025-03-18 11:53:26 - INFO - [info] - Yaw command - Current yaw: 50, Final yaw: 140
2025-03-18 11:53:26 - INFO - [info] - Command sent
2025-03-18 11:53:40 - INFO - [info] - Closing the vehicle communication
