1969-12-31 19:21:39 - INFO - [info] - Logger created
1969-12-31 19:21:39 - INFO - [info] - Connecting to vehicle...
1969-12-31 19:21:53 - INFO - [info] - Connected to vehicle
1969-12-31 19:21:53 - INFO - [info] - Sufficient number of satellites - Counted: 3, Required: 3
1969-12-31 19:21:53 - INFO - [info] - Sufficient battery level - Measured: 100, Required: 25
1969-12-31 19:21:53 - INFO - [info] - Vehicle health validated
1969-12-31 19:21:53 - INFO - [info] - Pixhawk connected, running main
1969-12-31 19:21:53 - INFO - [info] - Waiting to switch to guided mode
1969-12-31 19:23:28 - INFO - [info] - Switched to guided mode
1969-12-31 19:23:28 - INFO - [info] - Current mission: Square Movement
1969-12-31 19:23:28 - INFO - [info] - X Velocity: 1 m/s
1969-12-31 19:23:28 - INFO - [info] - Y Velocity: 0 m/s
1969-12-31 19:23:28 - INFO - [info] - Altitude: 0 m
1969-12-31 19:23:28 - INFO - [info] - Yaw: 90 degrees
1969-12-31 19:23:33 - INFO - [info] - Adjusting velocity - Velocity X: 1, Velocity Y: 0, Altitude: 0
1969-12-31 19:23:33 - INFO - [info] - Command sent
1969-12-31 19:23:38 - INFO - [info] - Adjusting velocity - Velocity X: 0, Velocity Y: 0, Altitude: 0
1969-12-31 19:23:38 - INFO - [info] - Command sent
1969-12-31 19:23:39 - INFO - [info] - Adjusting velocity - Velocity X: 1, Velocity Y: 0, Altitude: 0
1969-12-31 19:23:39 - INFO - [info] - Command sent
1969-12-31 19:23:44 - INFO - [info] - Adjusting velocity - Velocity X: 0, Velocity Y: 0, Altitude: 0
1969-12-31 19:23:44 - INFO - [info] - Command sent
1969-12-31 19:23:45 - INFO - [info] - Adjusting velocity - Velocity X: 1, Velocity Y: 0, Altitude: 0
1969-12-31 19:23:45 - INFO - [info] - Command sent
1969-12-31 19:23:50 - INFO - [info] - Adjusting velocity - Velocity X: 0, Velocity Y: 0, Altitude: 0
1969-12-31 19:23:50 - INFO - [info] - Command sent
1969-12-31 19:23:51 - INFO - [info] - Adjusting velocity - Velocity X: 1, Velocity Y: 0, Altitude: 0
1969-12-31 19:23:51 - INFO - [info] - Command sent
1969-12-31 19:23:56 - INFO - [info] - Adjusting velocity - Velocity X: 0, Velocity Y: 0, Altitude: 0
1969-12-31 19:23:56 - INFO - [info] - Command sent
1969-12-31 19:23:57 - INFO - [info] - Closing the vehicle communication
