1969-12-31 19:15:50 - INFO - [info] - Logger created
1969-12-31 19:15:50 - INFO - [info] - Connecting to vehicle...
1969-12-31 19:16:19 - INFO - [info] - Connected to vehicle
1969-12-31 19:16:19 - INFO - [info] - Sufficient number of satellites - Counted: 4, Required: 3
1969-12-31 19:16:19 - INFO - [info] - Sufficient battery level - Measured: 100, Required: 25
1969-12-31 19:16:19 - INFO - [info] - Vehicle health validated
1969-12-31 19:16:19 - INFO - [info] - Pixhawk connected, running main
1969-12-31 19:16:19 - INFO - [info] - Waiting to switch to guided mode
1969-12-31 19:20:02 - INFO - [info] - Switched to guided mode
1969-12-31 19:20:02 - INFO - [info] - Current mission: Position and rotation
1969-12-31 19:20:02 - INFO - [info] - X Velocity: 0.5 m/s
1969-12-31 19:20:02 - INFO - [info] - Y Velocity: 0 m/s
1969-12-31 19:20:02 - INFO - [info] - Altitude: 0 m
1969-12-31 19:20:02 - INFO - [info] - Yaw: 90 degrees
1969-12-31 19:20:07 - INFO - [info] - Adjusting velocity - Velocity X: 0.5, Velocity Y: 0, Altitude: 0
1969-12-31 19:20:07 - INFO - [info] - Command sent
1969-12-31 19:20:12 - INFO - [info] - Adjusting velocity - Velocity X: 0, Velocity Y: 0, Altitude: 0
1969-12-31 19:20:12 - INFO - [info] - Command sent
1969-12-31 19:20:13 - INFO - [info] - Yaw command - Current yaw: 121, Final yaw: 211
1969-12-31 19:20:13 - INFO - [info] - Command sent
1969-12-31 19:20:27 - INFO - [info] - Closing the vehicle communication
