1969-12-31 19:15:58 - INFO - [info] - Logger created
1969-12-31 19:15:58 - INFO - [info] - Connecting to vehicle...
1969-12-31 19:16:12 - INFO - [info] - Connected to vehicle
1969-12-31 19:16:12 - INFO - [info] - Sufficient number of satellites - Counted: 4, Required: 3
1969-12-31 19:16:12 - INFO - [info] - Sufficient battery level - Measured: 99, Required: 25
1969-12-31 19:16:12 - INFO - [info] - Vehicle health validated
1969-12-31 19:16:12 - INFO - [info] - Pixhawk connected, running main
1969-12-31 19:16:12 - INFO - [info] - Waiting to switch to guided mode
1969-12-31 19:19:33 - INFO - [info] - Switched to guided mode
1969-12-31 19:19:33 - INFO - [info] - Current mission: 4 Rotation
1969-12-31 19:19:33 - INFO - [info] - X Velocity: 0 m/s
1969-12-31 19:19:33 - INFO - [info] - Y Velocity: 0 m/s
1969-12-31 19:19:33 - INFO - [info] - Altitude: 0 m
1969-12-31 19:19:33 - INFO - [info] - Yaw: 90 degrees
1969-12-31 19:19:38 - INFO - [info] - Yaw command - Current yaw: 44, Final yaw: 134
1969-12-31 19:19:38 - INFO - [info] - Command sent
1969-12-31 19:19:38 - INFO - [info] - 1178.406937984
1969-12-31 19:19:54 - INFO - [info] - Yaw command - Current yaw: 131, Final yaw: 221
1969-12-31 19:19:54 - INFO - [info] - Command sent
1969-12-31 19:19:54 - INFO - [info] - 1194.425455392
1969-12-31 19:20:10 - INFO - [info] - Yaw command - Current yaw: 225, Final yaw: 315
1969-12-31 19:20:10 - INFO - [info] - Command sent
1969-12-31 19:20:10 - INFO - [info] - 1210.44324576
1969-12-31 19:20:26 - INFO - [info] - Yaw command - Current yaw: 313, Final yaw: 403
1969-12-31 19:20:26 - INFO - [info] - Command sent
1969-12-31 19:20:26 - INFO - [info] - 1226.457026496
1969-12-31 19:20:40 - INFO - [info] - Closing the vehicle communication
