1969-12-31 19:01:51 - INFO - [info] - Logger created
1969-12-31 19:01:51 - INFO - [info] - Connecting to vehicle...
1969-12-31 19:02:20 - INFO - [info] - Connected to vehicle
1969-12-31 19:02:20 - INFO - [info] - Sufficient number of satellites - Counted: 3, Required: 3
1969-12-31 19:02:20 - INFO - [info] - Sufficient battery level - Measured: 100, Required: 25
1969-12-31 19:02:20 - INFO - [info] - Vehicle health validated
1969-12-31 19:02:20 - INFO - [info] - Pixhawk connected, running main
1969-12-31 19:02:20 - INFO - [info] - Waiting to switch to guided mode
1969-12-31 19:07:05 - INFO - [info] - Switched to guided mode
1969-12-31 19:07:05 - INFO - [info] - Current mission: 4 Rotation
1969-12-31 19:07:05 - INFO - [info] - X Velocity: 0 m/s
1969-12-31 19:07:05 - INFO - [info] - Y Velocity: 0 m/s
1969-12-31 19:07:05 - INFO - [info] - Altitude: 0 m
1969-12-31 19:07:05 - INFO - [info] - Yaw: 90 degrees
1969-12-31 19:07:10 - INFO - [info] - Yaw command - Current yaw: 97, Final yaw: 187
1969-12-31 19:07:10 - INFO - [info] - Command sent
1969-12-31 19:07:10 - INFO - [info] - 430.421318336
1969-12-31 19:07:26 - INFO - [info] - Yaw command - Current yaw: 98, Final yaw: 188
1969-12-31 19:07:26 - INFO - [info] - Command sent
1969-12-31 19:07:26 - INFO - [info] - 446.440176736
1969-12-31 19:07:42 - INFO - [info] - Yaw command - Current yaw: 98, Final yaw: 188
1969-12-31 19:07:42 - INFO - [info] - Command sent
1969-12-31 19:07:42 - INFO - [info] - 462.45773824
1969-12-31 19:07:58 - INFO - [info] - Yaw command - Current yaw: 96, Final yaw: 186
1969-12-31 19:07:58 - INFO - [info] - Command sent
1969-12-31 19:07:58 - INFO - [info] - 478.475129376
1969-12-31 19:08:12 - INFO - [info] - Closing the vehicle communication
